<?xml version="1.0" encoding="UTF-8"?>
<testng-results ignored="0" total="1" passed="1" failed="0" skipped="0">
  <reporter-output>
  </reporter-output>
  <suite started-at="2022-09-18T22:57:44 EDT" name="Default suite" finished-at="2022-09-18T22:57:48 EDT" duration-ms="4805">
    <groups>
    </groups>
    <test started-at="2022-09-18T22:57:44 EDT" name="Default test" finished-at="2022-09-18T22:57:48 EDT" duration-ms="4805">
      <class name="pages.HomePageTest">
        <test-method is-config="true" signature="setUp()[pri:0, instance:pages.HomePageTest@66f57048]" started-at="2022-09-18T22:57:44 EDT" name="setUp" finished-at="2022-09-18T22:57:48 EDT" duration-ms="4558" status="PASS">
          <reporter-output>
          </reporter-output>
        </test-method> <!-- setUp -->
        <test-method signature="clickUserIdFieldTest()[pri:0, instance:pages.HomePageTest@66f57048]" started-at="2022-09-18T22:57:48 EDT" name="clickUserIdFieldTest" finished-at="2022-09-18T22:57:48 EDT" duration-ms="51" status="PASS">
          <reporter-output>
          </reporter-output>
        </test-method> <!-- clickUserIdFieldTest -->
        <test-method is-config="true" signature="tearUp()[pri:0, instance:pages.HomePageTest@66f57048]" started-at="2022-09-18T22:57:48 EDT" name="tearUp" finished-at="2022-09-18T22:57:48 EDT" duration-ms="157" status="PASS">
          <reporter-output>
          </reporter-output>
        </test-method> <!-- tearUp -->
      </class> <!-- pages.HomePageTest -->
    </test> <!-- Default test -->
  </suite> <!-- Default suite -->
</testng-results>
